TN:
SF:/home/hoojacks/alchemy/career-track/data-structures-and-algorithms/challenges/arrayBinarySearch/array-binary-search.js
FN:1,binarySearch
FNF:1
FNH:1
FNDA:5,binarySearch
DA:3,5
DA:4,5
DA:6,5
DA:7,10
DA:8,10
DA:9,9
DA:11,6
DA:12,4
DA:14,2
DA:17,1
DA:20,1
LF:11
LH:11
BRDA:8,0,0,1
BRDA:8,0,1,9
BRDA:9,1,0,3
BRDA:9,1,1,6
BRDA:11,2,0,4
BRDA:11,2,1,2
BRF:6
BRH:6
end_of_record
TN:
SF:/home/hoojacks/alchemy/career-track/data-structures-and-algorithms/challenges/arrayReverse/array-reverse.js
FN:1,reverseArray
FNF:1
FNH:1
FNDA:3,reverseArray
DA:2,3
DA:3,3
DA:4,62
DA:6,3
DA:9,1
LF:5
LH:5
BRF:0
BRH:0
end_of_record
TN:
SF:/home/hoojacks/alchemy/career-track/data-structures-and-algorithms/challenges/arrayShift/array-shift.js
FN:1,insertShiftArray
FNF:1
FNH:1
FNDA:3,insertShiftArray
DA:2,3
DA:3,9
DA:5,3
DA:6,3
DA:9,1
LF:5
LH:5
BRF:0
BRH:0
end_of_record
TN:
SF:/home/hoojacks/alchemy/career-track/data-structures-and-algorithms/challenges/linkedList/linked-list.js
FN:3,(anonymous_0)
FN:7,(anonymous_1)
FN:21,(anonymous_2)
FN:37,(anonymous_3)
FN:50,(anonymous_4)
FNF:5
FNH:5
FNDA:4,(anonymous_0)
FNDA:10,(anonymous_1)
FNDA:3,(anonymous_2)
FNDA:1,(anonymous_3)
FNDA:10,(anonymous_4)
DA:4,4
DA:8,10
DA:9,10
DA:10,3
DA:12,7
DA:13,7
DA:14,6
DA:16,7
DA:22,3
DA:23,3
DA:24,3
DA:25,9
DA:26,2
DA:28,7
DA:29,1
DA:31,6
DA:34,1
DA:38,1
DA:39,1
DA:40,1
DA:41,3
DA:42,3
DA:44,1
DA:45,1
DA:51,10
DA:52,10
DA:56,1
LF:27
LH:27
BRDA:9,0,0,3
BRDA:9,0,1,7
BRDA:25,1,0,2
BRDA:25,1,1,7
BRDA:28,2,0,1
BRDA:28,2,1,6
BRF:6
BRH:6
end_of_record
