TN:
SF:/home/hoojacks/alchemy/career-track/data-structures-and-algorithms/challenges/arrayBinarySearch/array-binary-search.js
FN:1,binarySearch
FNF:1
FNH:1
FNDA:5,binarySearch
DA:3,5
DA:4,5
DA:6,5
DA:7,10
DA:8,10
DA:9,9
DA:11,6
DA:12,4
DA:14,2
DA:17,1
DA:20,1
LF:11
LH:11
BRDA:8,0,0,1
BRDA:8,0,1,9
BRDA:9,1,0,3
BRDA:9,1,1,6
BRDA:11,2,0,4
BRDA:11,2,1,2
BRF:6
BRH:6
end_of_record
TN:
SF:/home/hoojacks/alchemy/career-track/data-structures-and-algorithms/challenges/arrayReverse/array-reverse.js
FN:1,reverseArray
FNF:1
FNH:1
FNDA:3,reverseArray
DA:2,3
DA:3,3
DA:4,62
DA:6,3
DA:9,1
LF:5
LH:5
BRF:0
BRH:0
end_of_record
TN:
SF:/home/hoojacks/alchemy/career-track/data-structures-and-algorithms/challenges/arrayShift/array-shift.js
FN:1,insertShiftArray
FNF:1
FNH:1
FNDA:3,insertShiftArray
DA:2,3
DA:3,9
DA:5,3
DA:6,3
DA:9,1
LF:5
LH:5
BRF:0
BRH:0
end_of_record
TN:
SF:/home/hoojacks/alchemy/career-track/data-structures-and-algorithms/challenges/linkedList/linked-list.js
FN:3,(anonymous_0)
FN:8,(anonymous_1)
FN:23,(anonymous_2)
FN:29,(anonymous_3)
FN:39,(anonymous_4)
FN:50,(anonymous_5)
FN:67,(anonymous_6)
FN:79,(anonymous_7)
FN:99,(anonymous_8)
FNF:9
FNH:9
FNDA:11,(anonymous_0)
FNDA:57,(anonymous_1)
FNDA:1,(anonymous_2)
FNDA:3,(anonymous_3)
FNDA:2,(anonymous_4)
FNDA:2,(anonymous_5)
FNDA:2,(anonymous_6)
FNDA:6,(anonymous_7)
FNDA:62,(anonymous_8)
DA:4,11
DA:5,11
DA:9,57
DA:10,57
DA:11,57
DA:12,10
DA:14,47
DA:15,47
DA:16,128
DA:18,47
DA:24,1
DA:25,1
DA:26,1
DA:30,3
DA:31,3
DA:32,3
DA:33,9
DA:34,7
DA:36,1
DA:40,2
DA:41,2
DA:42,2
DA:43,15
DA:44,15
DA:46,2
DA:47,2
DA:51,2
DA:53,2
DA:54,1
DA:55,1
DA:57,1
DA:58,1
DA:59,2
DA:62,1
DA:63,1
DA:68,2
DA:70,2
DA:71,2
DA:72,3
DA:75,2
DA:76,2
DA:80,6
DA:81,6
DA:82,1
DA:84,5
DA:85,1
DA:88,4
DA:89,4
DA:90,4
DA:91,17
DA:92,17
DA:94,4
DA:100,62
DA:101,62
DA:105,2
LF:55
LH:55
BRDA:11,0,0,10
BRDA:11,0,1,47
BRDA:33,1,0,2
BRDA:33,1,1,7
BRDA:34,2,0,6
BRDA:34,2,1,1
BRDA:53,3,0,1
BRDA:53,3,1,1
BRDA:75,4,0,1
BRDA:75,4,1,1
BRDA:81,5,0,1
BRDA:81,5,1,5
BRDA:84,6,0,1
BRDA:84,6,1,4
BRF:14
BRH:14
end_of_record
TN:
SF:/home/hoojacks/alchemy/career-track/data-structures-and-algorithms/challenges/llMerge/ll-merge.js
FN:3,mergeList
FNF:1
FNH:1
FNDA:1,mergeList
DA:1,1
DA:4,1
DA:5,1
DA:6,1
DA:7,1
DA:8,1
DA:11,1
DA:13,1
DA:14,6
DA:15,5
DA:16,5
DA:18,6
DA:19,6
DA:20,6
DA:22,6
DA:25,1
DA:29,1
LF:17
LH:17
BRDA:11,0,0,0
BRDA:11,0,1,1
BRDA:14,1,0,5
BRDA:14,1,1,1
BRDA:18,2,0,6
BRDA:18,2,1,0
BRDA:22,3,0,0
BRDA:22,3,1,6
BRF:8
BRH:5
end_of_record
TN:
SF:/home/hoojacks/alchemy/career-track/data-structures-and-algorithms/challenges/stacksAndQueues/stacks-and-queues.js
FN:2,(anonymous_0)
FN:10,(anonymous_1)
FN:14,(anonymous_2)
FN:21,(anonymous_3)
FN:29,(anonymous_4)
FN:36,(anonymous_5)
FN:40,(anonymous_6)
FN:55,(anonymous_7)
FN:61,(anonymous_8)
FNF:9
FNH:9
FNDA:8,(anonymous_0)
FNDA:1,(anonymous_1)
FNDA:4,(anonymous_2)
FNDA:3,(anonymous_3)
FNDA:5,(anonymous_4)
FNDA:1,(anonymous_5)
FNDA:4,(anonymous_6)
FNDA:3,(anonymous_7)
FNDA:3,(anonymous_8)
DA:3,8
DA:4,8
DA:11,1
DA:16,4
DA:17,4
DA:18,4
DA:22,3
DA:23,3
DA:24,3
DA:25,3
DA:30,5
DA:37,1
DA:41,4
DA:42,4
DA:43,2
DA:46,2
DA:47,2
DA:48,1
DA:51,2
DA:56,3
DA:57,3
DA:58,3
DA:62,3
DA:67,1
LF:24
LH:24
BRDA:17,0,0,2
BRDA:17,0,1,2
BRDA:42,1,0,2
BRDA:42,1,1,2
BRF:4
BRH:4
end_of_record
